OldSchoolFPS.obj : error LNK2019: unresolved external symbol __imp__glutInitWindowPosition@8 referenced in function _main
OldSchoolFPS.obj : error LNK2019: unresolved external symbol __imp__glutInitWindowSize@8 referenced in function _main
OldSchoolFPS.obj : error LNK2019: unresolved external symbol __imp__glutInitDisplayMode@4 referenced in function _main
OldSchoolFPS.obj : error LNK2019: unresolved external symbol __imp__glutMainLoop@0 referenced in function _main
OldSchoolFPS.obj : error LNK2019: unresolved external symbol __imp__glutSwapBuffers@0 referenced in function "void __cdecl renderScene(void)" (?renderScene@@YAXXZ)
OldSchoolFPS.obj : error LNK2019: unresolved external symbol __imp__glutIdleFunc@4 referenced in function _main
OldSchoolFPS.obj : error LNK2019: unresolved external symbol __imp__glutKeyboardFunc@4 referenced in function _main
OldSchoolFPS.obj : error LNK2019: unresolved external symbol __imp__glutSpecialFunc@4 referenced in function _main
OldSchoolFPS.obj : error LNK2019: unresolved external symbol __imp__glutReshapeFunc@4 referenced in function _main
OldSchoolFPS.obj : error LNK2019: unresolved external symbol __imp__glutDisplayFunc@4 referenced in function _main
OldSchoolFPS.obj : error LNK2019: unresolved external symbol __imp__glutMouseFunc@4 referenced in function _main
OldSchoolFPS.obj : error LNK2019: unresolved external symbol __imp__glutMotionFunc@4 referenced in function _main
OldSchoolFPS.obj : error LNK2019: unresolved external symbol __imp__glutSpecialUpFunc@4 referenced in function _main
OldSchoolFPS.obj : error LNK2019: unresolved external symbol __imp__glutSolidSphere@16 referenced in function "void __cdecl drawSnowMan(void)" (?drawSnowMan@@YAXXZ)
OldSchoolFPS.obj : error LNK2019: unresolved external symbol __imp__glutSolidCone@24 referenced in function "void __cdecl drawSnowMan(void)" (?drawSnowMan@@YAXXZ)
OldSchoolFPS.obj : error LNK2019: unresolved external symbol __imp__glutIgnoreKeyRepeat@4 referenced in function _main
OldSchoolFPS.obj : error LNK2019: unresolved external symbol __imp____glutInitWithExit@12 referenced in function _glutInit_ATEXIT_HACK@8
OldSchoolFPS.obj : error LNK2019: unresolved external symbol __imp____glutCreateWindowWithExit@8 referenced in function _glutCreateWindow_ATEXIT_HACK@4
C:\DevLib\freeglut\lib\x64\freeglut.lib : warning LNK4272: library machine type 'x64' conflicts with target machine type 'X86'
C:\Users\gabri\OneDrive\Documents\GitHub\OldSchoolFPS\Debug\OldSchoolFPS.exe : fatal error LNK1120: 18 unresolved externals
